1.50e+02,-4.32e+00,-4.12e+00,-4.12e+00,1.60e+01,1.00e+01
3.00e+02,-4.32e+00,-4.11e+00,-4.11e+00,1.60e+01,1.55e+01
4.50e+02,-4.30e+00,-4.11e+00,-4.11e+00,1.60e+01,2.00e+01
6.00e+02,-4.30e+00,-4.03e+00,-4.03e+00,1.60e+01,2.10e+01
7.50e+02,-4.28e+00,-4.03e+00,-4.03e+00,1.60e+01,2.10e+01
9.00e+02,-4.29e+00,-4.03e+00,-4.03e+00,1.60e+01,2.10e+01
1.05e+03,-4.29e+00,-4.03e+00,-4.03e+00,1.60e+01,2.10e+01
1.20e+03,-4.28e+00,-4.03e+00,-4.03e+00,1.60e+01,2.20e+01
1.35e+03,-4.29e+00,-4.03e+00,-4.03e+00,1.60e+01,2.20e+01
1.50e+03,-4.29e+00,-4.03e+00,-4.03e+00,1.60e+01,2.10e+01
1.65e+03,-4.28e+00,-4.03e+00,-4.03e+00,1.60e+01,2.70e+01
1.80e+03,-4.28e+00,-4.03e+00,-4.03e+00,1.60e+01,2.40e+01
1.95e+03,-4.28e+00,-4.03e+00,-4.03e+00,1.60e+01,2.50e+01
2.10e+03,-4.28e+00,-4.03e+00,-4.03e+00,1.60e+01,2.40e+01
2.25e+03,-4.28e+00,-4.03e+00,-4.03e+00,1.60e+01,2.70e+01
2.40e+03,-4.28e+00,-4.03e+00,-4.03e+00,1.60e+01,2.80e+01
2.55e+03,-4.27e+00,-4.03e+00,-4.03e+00,1.70e+01,3.20e+01
2.70e+03,-4.28e+00,-4.03e+00,-4.03e+00,1.70e+01,3.20e+01
2.85e+03,-4.27e+00,-4.03e+00,-4.03e+00,1.70e+01,3.40e+01
3.00e+03,-4.27e+00,-3.99e+00,-3.99e+00,1.70e+01,3.30e+01
3.15e+03,-4.26e+00,-3.99e+00,-3.99e+00,1.70e+01,3.40e+01
3.30e+03,-4.27e+00,-3.99e+00,-3.99e+00,1.70e+01,3.70e+01
3.45e+03,-4.25e+00,-3.99e+00,-3.99e+00,1.60e+01,3.30e+01
3.60e+03,-4.26e+00,-3.95e+00,-3.95e+00,1.80e+01,4.00e+01
3.75e+03,-4.25e+00,-3.95e+00,-3.95e+00,1.65e+01,3.40e+01
3.90e+03,-4.26e+00,-3.95e+00,-3.95e+00,1.80e+01,4.20e+01
4.05e+03,-4.23e+00,-3.95e+00,-3.95e+00,1.70e+01,3.60e+01
4.20e+03,-4.26e+00,-3.95e+00,-3.95e+00,1.80e+01,4.20e+01
4.35e+03,-4.24e+00,-3.95e+00,-3.95e+00,1.60e+01,3.60e+01
4.50e+03,-4.28e+00,-3.95e+00,-3.95e+00,1.90e+01,4.30e+01
4.65e+03,-4.24e+00,-3.95e+00,-3.95e+00,1.70e+01,3.70e+01
4.80e+03,-4.22e+00,-4.03e+00,-3.95e+00,1.70e+01,4.00e+01
4.95e+03,-4.21e+00,-3.99e+00,-3.95e+00,1.70e+01,3.80e+01
5.10e+03,-4.17e+00,-3.98e+00,-3.95e+00,1.70e+01,4.00e+01
5.25e+03,-4.20e+00,-3.98e+00,-3.95e+00,1.70e+01,4.00e+01
5.40e+03,-4.24e+00,-3.98e+00,-3.95e+00,1.70e+01,4.10e+01
5.55e+03,-4.20e+00,-3.98e+00,-3.95e+00,1.70e+01,3.90e+01
5.70e+03,-4.22e+00,-3.98e+00,-3.95e+00,1.70e+01,4.00e+01
5.85e+03,-4.21e+00,-3.98e+00,-3.95e+00,1.70e+01,4.05e+01
6.00e+03,-4.21e+00,-3.93e+00,-3.93e+00,1.70e+01,4.10e+01
6.15e+03,-4.25e+00,-3.93e+00,-3.93e+00,1.70e+01,4.15e+01
6.30e+03,-4.23e+00,-3.98e+00,-3.93e+00,1.70e+01,4.00e+01
6.45e+03,-4.23e+00,-3.98e+00,-3.93e+00,1.90e+01,4.70e+01
6.60e+03,-4.20e+00,-3.74e+00,-3.74e+00,1.70e+01,3.80e+01
6.75e+03,-4.24e+00,-3.74e+00,-3.74e+00,1.90e+01,4.70e+01
6.90e+03,-4.21e+00,-3.74e+00,-3.74e+00,1.70e+01,4.00e+01
7.05e+03,-4.24e+00,-3.74e+00,-3.74e+00,1.70e+01,3.85e+01
7.20e+03,-4.23e+00,-3.74e+00,-3.74e+00,1.60e+01,3.70e+01
7.35e+03,-4.23e+00,-3.74e+00,-3.74e+00,1.60e+01,3.80e+01
7.50e+03,-4.23e+00,-3.74e+00,-3.74e+00,1.70e+01,3.90e+01
7.65e+03,-4.21e+00,-3.84e+00,-3.74e+00,1.60e+01,3.80e+01
7.80e+03,-4.19e+00,-3.78e+00,-3.74e+00,1.80e+01,4.40e+01
7.95e+03,-4.20e+00,-3.76e+00,-3.74e+00,1.60e+01,3.90e+01
8.10e+03,-4.19e+00,-3.76e+00,-3.74e+00,1.70e+01,4.35e+01
8.25e+03,-4.21e+00,-3.72e+00,-3.72e+00,1.70e+01,4.00e+01
8.40e+03,-4.21e+00,-3.72e+00,-3.72e+00,1.70e+01,4.00e+01
8.55e+03,-4.22e+00,-3.72e+00,-3.72e+00,1.80e+01,4.30e+01
8.70e+03,-4.21e+00,-3.72e+00,-3.72e+00,1.60e+01,3.80e+01
8.85e+03,-4.21e+00,-3.76e+00,-3.72e+00,1.70e+01,4.00e+01
9.00e+03,-4.21e+00,-3.76e+00,-3.72e+00,1.70e+01,4.10e+01
9.15e+03,-4.20e+00,-3.75e+00,-3.72e+00,1.70e+01,4.00e+01
9.30e+03,-4.22e+00,-3.75e+00,-3.72e+00,1.70e+01,4.10e+01
9.45e+03,-4.17e+00,-3.73e+00,-3.72e+00,1.70e+01,4.05e+01
9.60e+03,-4.23e+00,-3.72e+00,-3.72e+00,1.70e+01,4.10e+01
9.75e+03,-4.22e+00,-3.73e+00,-3.72e+00,1.70e+01,4.00e+01
9.90e+03,-4.20e+00,-3.70e+00,-3.70e+00,1.90e+01,4.60e+01
1.00e+04,-4.21e+00,-3.48e+00,-3.48e+00,1.70e+01,4.10e+01
1.02e+04,-4.22e+00,-3.48e+00,-3.48e+00,1.70e+01,4.20e+01
1.04e+04,-4.20e+00,-3.48e+00,-3.48e+00,1.70e+01,3.90e+01
1.05e+04,-4.22e+00,-3.48e+00,-3.48e+00,1.70e+01,4.10e+01
1.06e+04,-4.21e+00,-3.48e+00,-3.48e+00,1.70e+01,4.00e+01
1.08e+04,-4.22e+00,-3.48e+00,-3.48e+00,1.90e+01,4.50e+01
1.10e+04,-4.22e+00,-3.48e+00,-3.48e+00,1.70e+01,4.10e+01
1.11e+04,-4.20e+00,-3.48e+00,-3.48e+00,1.80e+01,4.30e+01
1.12e+04,-4.21e+00,-3.48e+00,-3.48e+00,1.90e+01,4.80e+01
1.14e+04,-4.21e+00,-3.48e+00,-3.48e+00,1.90e+01,4.80e+01
